Success (14):
datatype 5862 {urn:com:appian:types:PDL}PDL_Banks "{urn:com:appian:types:PDL}PDL_Banks"
datatype 5942 {urn:com:appian:types:PDL}PDL_AccountNumber "{urn:com:appian:types:PDL}PDL_AccountNumber"
dataStore 125501 _a-0000e18e-0476-8000-9ba2-011c48011c48_1715802 "PDL Sandbox Data Store"
content 125352 _a-0000e18e-0476-8000-9ba2-011c48011c48_1715855 "PDL All Rules"
content 125353 _a-0000e18e-0476-8000-9ba2-011c48011c48_1715860 "PDL_DSE_BANKS"
content 125502 _a-0000e1a5-9b5f-8000-9ba2-011c48011c48_1717118 "PDL_DSE_ACCOUNT_NUMBER"
processModelFolder 113 _g-0000e1b0-3c85-8000-f92f-7f0000014e7a_392 "PDL Process Models"
processModel 2342 0002e1b1-1174-8000-f92f-7f0000014e7a "PDL Test Child Process"
processModel 2340 0002e1b1-1160-8000-f92f-7f0000014e7a "PDL Test Parent Process"
application 125340 _a-0000e18e-0476-8000-9ba2-011c48011c48_1715796 "Pete's Sandbox"
webApi 32 8cd2c11d-62b1-40dd-a052-36bb731a069b "PDL Bank Assets"
webApi 35 b862dcc7-1aef-4e6c-81b5-5539fe26fab6 "PDL Insert Account Number"
webApi 36 6d6f4ee9-948c-4dab-8c48-b1462cbacf44 "PDL Get Account Number"
webApi 38 0e9c3597-8e73-4d5b-9d8c-3bf23f803da7 "PDL Test Legacy Data"

Trace:
2019-01-03 13:21:48.476 DEBUG application 125340 _a-0000e18e-0476-8000-9ba2-011c48011c48_1715796 Begin transport.
2019-01-03 13:21:48.476 DEBUG application 125340 _a-0000e18e-0476-8000-9ba2-011c48011c48_1715796 Retrieving object data.
2019-01-03 13:21:48.487 DEBUG application 125340 _a-0000e18e-0476-8000-9ba2-011c48011c48_1715796 App associated objects: [datatype=[{urn:com:appian:types:PDL}PDL_Banks, {urn:com:appian:types:PDL}PDL_AccountNumber],dataStore=[_a-0000e18e-0476-8000-9ba2-011c48011c48_1715802],content=[_a-0000e18e-0476-8000-9ba2-011c48011c48_1715855, _a-0000e18e-0476-8000-9ba2-011c48011c48_1715860, _a-0000e1a5-9b5f-8000-9ba2-011c48011c48_1717118],processModelFolder=[_g-0000e1b0-3c85-8000-f92f-7f0000014e7a_392],processModel=[0002e1b1-1160-8000-f92f-7f0000014e7a, 0002e1b1-1174-8000-f92f-7f0000014e7a],webApi=[8cd2c11d-62b1-40dd-a052-36bb731a069b, b862dcc7-1aef-4e6c-81b5-5539fe26fab6, 6d6f4ee9-948c-4dab-8c48-b1462cbacf44, 0e9c3597-8e73-4d5b-9d8c-3bf23f803da7]]
2019-01-03 13:21:48.502 DEBUG application 125340 _a-0000e18e-0476-8000-9ba2-011c48011c48_1715796 Invalid associated objects: []
2019-01-03 13:21:48.502 DEBUG application 125340 _a-0000e18e-0476-8000-9ba2-011c48011c48_1715796 Adding valid associated objects to be exported: GlobalBindingMap[datatype={{urn:com:appian:types:PDL}PDL_Banks=5862, {urn:com:appian:types:PDL}PDL_AccountNumber=5942},dataStore={_a-0000e18e-0476-8000-9ba2-011c48011c48_1715802=125501},content={_a-0000e18e-0476-8000-9ba2-011c48011c48_1715855=125352, _a-0000e18e-0476-8000-9ba2-011c48011c48_1715860=125353, _a-0000e1a5-9b5f-8000-9ba2-011c48011c48_1717118=125502},processModelFolder={_g-0000e1b0-3c85-8000-f92f-7f0000014e7a_392=113},processModel={0002e1b1-1160-8000-f92f-7f0000014e7a=2340, 0002e1b1-1174-8000-f92f-7f0000014e7a=2342},webApi={8cd2c11d-62b1-40dd-a052-36bb731a069b=32, b862dcc7-1aef-4e6c-81b5-5539fe26fab6=35, 6d6f4ee9-948c-4dab-8c48-b1462cbacf44=36, 0e9c3597-8e73-4d5b-9d8c-3bf23f803da7=38}]
2019-01-03 13:21:48.502 DEBUG application 125340 _a-0000e18e-0476-8000-9ba2-011c48011c48_1715796 Setting uuids of object references.
2019-01-03 13:21:48.506 DEBUG application 125340 _a-0000e18e-0476-8000-9ba2-011c48011c48_1715796 Processing reference: Application.forum
2019-01-03 13:21:48.508 DEBUG application 125340 _a-0000e18e-0476-8000-9ba2-011c48011c48_1715796 Processing reference: Application.parent
2019-01-03 13:21:48.522 DEBUG application 125340 _a-0000e18e-0476-8000-9ba2-011c48011c48_1715796 Processing reference: com.appiancorp.suiteapi.content.ContentRoleMap@2fbe6d70[
  ContentRole[name=readers,inherit=false,allowForAll=false]
  ContentRole[name=authors,inherit=false,allowForAll=false]
  ContentRole[name=administrators,inherit=false,allowForAll=false]
  ContentRole[name=denyReaders,inherit=false,allowForAll=false]
  ContentRole[name=denyAuthors,inherit=false,allowForAll=false]
  ContentRole[name=denyAdministrators,inherit=false,allowForAll=false]
  securityVector=1:SEC_PUBLIC=true,SEC_CREATOR_ADMIN=false,SEC_INH_ADMIN=false,SEC_INH_EDITOR=false,SEC_INH_VIEWER=false,SEC_ALL_ADMIN=false,SEC_ALL_EDITOR=false,SEC_ALL_VIEWER=false
]
2019-01-03 13:21:48.522 DEBUG application 125340 _a-0000e18e-0476-8000-9ba2-011c48011c48_1715796 Processing reference: ContentRole[name=readers,inherit=false,allowForAll=false]
2019-01-03 13:21:48.522 DEBUG application 125340 _a-0000e18e-0476-8000-9ba2-011c48011c48_1715796 Processing reference: ContentRole[name=authors,inherit=false,allowForAll=false]
2019-01-03 13:21:48.522 DEBUG application 125340 _a-0000e18e-0476-8000-9ba2-011c48011c48_1715796 Processing reference: ContentRole[name=administrators,inherit=false,allowForAll=false]
2019-01-03 13:21:48.522 DEBUG application 125340 _a-0000e18e-0476-8000-9ba2-011c48011c48_1715796 Processing reference: ContentRole[name=denyReaders,inherit=false,allowForAll=false]
2019-01-03 13:21:48.522 DEBUG application 125340 _a-0000e18e-0476-8000-9ba2-011c48011c48_1715796 Processing reference: ContentRole[name=denyAuthors,inherit=false,allowForAll=false]
2019-01-03 13:21:48.522 DEBUG application 125340 _a-0000e18e-0476-8000-9ba2-011c48011c48_1715796 Processing reference: ContentRole[name=denyAdministrators,inherit=false,allowForAll=false]
2019-01-03 13:21:48.523 DEBUG datatype 5862 {urn:com:appian:types:PDL}PDL_Banks Begin transport.
2019-01-03 13:21:48.523 DEBUG datatype 5862 {urn:com:appian:types:PDL}PDL_Banks Retrieving object data.
2019-01-03 13:21:48.932 DEBUG datatype 5862 {urn:com:appian:types:PDL}PDL_Banks Setting uuids of object references.
2019-01-03 13:21:48.935 DEBUG datatype 5862 {urn:com:appian:types:PDL}PDL_Banks Completing produce.
2019-01-03 13:21:48.935 DEBUG datatype 5862 {urn:com:appian:types:PDL}PDL_Banks Exporting binary resources.
2019-01-03 13:21:48.935 DEBUG datatype 5862 {urn:com:appian:types:PDL}PDL_Banks Serializing object to XML.
2019-01-03 13:21:48.968 DEBUG datatype 5862 {urn:com:appian:types:PDL}PDL_Banks Object transported.
2019-01-03 13:21:48.968 DEBUG datatype 5942 {urn:com:appian:types:PDL}PDL_AccountNumber Begin transport.
2019-01-03 13:21:48.968 DEBUG datatype 5942 {urn:com:appian:types:PDL}PDL_AccountNumber Retrieving object data.
2019-01-03 13:21:49.053 DEBUG datatype 5942 {urn:com:appian:types:PDL}PDL_AccountNumber Setting uuids of object references.
2019-01-03 13:21:49.054 DEBUG datatype 5942 {urn:com:appian:types:PDL}PDL_AccountNumber Completing produce.
2019-01-03 13:21:49.054 DEBUG datatype 5942 {urn:com:appian:types:PDL}PDL_AccountNumber Exporting binary resources.
2019-01-03 13:21:49.054 DEBUG datatype 5942 {urn:com:appian:types:PDL}PDL_AccountNumber Serializing object to XML.
2019-01-03 13:21:49.075 DEBUG datatype 5942 {urn:com:appian:types:PDL}PDL_AccountNumber Object transported.
2019-01-03 13:21:49.081 DEBUG dataStore 125501 _a-0000e18e-0476-8000-9ba2-011c48011c48_1715802 Begin transport.
2019-01-03 13:21:49.081 DEBUG dataStore 125501 _a-0000e18e-0476-8000-9ba2-011c48011c48_1715802 Retrieving object data.
2019-01-03 13:21:49.09 DEBUG dataStore 125501 _a-0000e18e-0476-8000-9ba2-011c48011c48_1715802 Setting uuids of object references.
2019-01-03 13:21:49.093 DEBUG dataStore 125501 _a-0000e18e-0476-8000-9ba2-011c48011c48_1715802 Processing reference: datatypeRef[id=5862]
2019-01-03 13:21:49.093 DEBUG dataStore 125501 _a-0000e18e-0476-8000-9ba2-011c48011c48_1715802 Processing reference: datatypeRef[id=5942]
2019-01-03 13:21:49.095 DEBUG dataStore 125501 _a-0000e18e-0476-8000-9ba2-011c48011c48_1715802 Processing reference: ContentRole[name=administrators,inherit=false,allowForAll=false]
2019-01-03 13:21:49.095 DEBUG dataStore 125501 _a-0000e18e-0476-8000-9ba2-011c48011c48_1715802 Processing reference: ContentRole[name=authors,inherit=false,allowForAll=false]
2019-01-03 13:21:49.095 DEBUG dataStore 125501 _a-0000e18e-0476-8000-9ba2-011c48011c48_1715802 Processing reference: ContentRole[name=denyAdministrators,inherit=false,allowForAll=false]
2019-01-03 13:21:49.096 DEBUG dataStore 125501 _a-0000e18e-0476-8000-9ba2-011c48011c48_1715802 Processing reference: ContentRole[name=denyAuthors,inherit=false,allowForAll=false]
2019-01-03 13:21:49.096 DEBUG dataStore 125501 _a-0000e18e-0476-8000-9ba2-011c48011c48_1715802 Processing reference: ContentRole[name=denyReaders,inherit=false,allowForAll=false]
2019-01-03 13:21:49.096 DEBUG dataStore 125501 _a-0000e18e-0476-8000-9ba2-011c48011c48_1715802 Processing reference: ContentRole[name=readers,inherit=false,allowForAll=false]
2019-01-03 13:21:49.096 DEBUG dataStore 125501 _a-0000e18e-0476-8000-9ba2-011c48011c48_1715802 Completing produce.
2019-01-03 13:21:49.096 DEBUG dataStore 125501 _a-0000e18e-0476-8000-9ba2-011c48011c48_1715802 Exporting binary resources.
2019-01-03 13:21:49.096 DEBUG dataStore 125501 _a-0000e18e-0476-8000-9ba2-011c48011c48_1715802 Serializing object to XML.
2019-01-03 13:21:49.12 DEBUG dataStore 125501 _a-0000e18e-0476-8000-9ba2-011c48011c48_1715802 Object transported.
2019-01-03 13:21:49.125 DEBUG content 125352 _a-0000e18e-0476-8000-9ba2-011c48011c48_1715855 Begin transport.
2019-01-03 13:21:49.125 DEBUG content 125352 _a-0000e18e-0476-8000-9ba2-011c48011c48_1715855 Retrieving object data.
2019-01-03 13:21:49.146 DEBUG content 125352 _a-0000e18e-0476-8000-9ba2-011c48011c48_1715855 Setting uuids of object references.
2019-01-03 13:21:49.146 DEBUG content 125352 _a-0000e18e-0476-8000-9ba2-011c48011c48_1715855 Processing reference: RulesFolder.forum
2019-01-03 13:21:49.147 DEBUG content 125352 _a-0000e18e-0476-8000-9ba2-011c48011c48_1715855 Processing reference: RulesFolder.parent
2019-01-03 13:21:49.152 DEBUG content 125352 _a-0000e18e-0476-8000-9ba2-011c48011c48_1715855 Processing reference: com.appiancorp.suiteapi.content.ContentRoleMap@b77b3da[
  ContentRole[name=readers,inherit=false,allowForAll=false]
  ContentRole[name=authors,inherit=false,allowForAll=false]
  ContentRole[name=administrators,inherit=false,allowForAll=false]
  ContentRole[name=denyReaders,inherit=false,allowForAll=false]
  ContentRole[name=denyAuthors,inherit=false,allowForAll=false]
  ContentRole[name=denyAdministrators,inherit=false,allowForAll=false]
  securityVector=1:SEC_PUBLIC=true,SEC_CREATOR_ADMIN=false,SEC_INH_ADMIN=false,SEC_INH_EDITOR=false,SEC_INH_VIEWER=false,SEC_ALL_ADMIN=false,SEC_ALL_EDITOR=false,SEC_ALL_VIEWER=false
]
2019-01-03 13:21:49.152 DEBUG content 125352 _a-0000e18e-0476-8000-9ba2-011c48011c48_1715855 Processing reference: ContentRole[name=readers,inherit=false,allowForAll=false]
2019-01-03 13:21:49.152 DEBUG content 125352 _a-0000e18e-0476-8000-9ba2-011c48011c48_1715855 Processing reference: ContentRole[name=authors,inherit=false,allowForAll=false]
2019-01-03 13:21:49.152 DEBUG content 125352 _a-0000e18e-0476-8000-9ba2-011c48011c48_1715855 Processing reference: ContentRole[name=administrators,inherit=false,allowForAll=false]
2019-01-03 13:21:49.152 DEBUG content 125352 _a-0000e18e-0476-8000-9ba2-011c48011c48_1715855 Processing reference: ContentRole[name=denyReaders,inherit=false,allowForAll=false]
2019-01-03 13:21:49.152 DEBUG content 125352 _a-0000e18e-0476-8000-9ba2-011c48011c48_1715855 Processing reference: ContentRole[name=denyAuthors,inherit=false,allowForAll=false]
2019-01-03 13:21:49.152 DEBUG content 125352 _a-0000e18e-0476-8000-9ba2-011c48011c48_1715855 Processing reference: ContentRole[name=denyAdministrators,inherit=false,allowForAll=false]
2019-01-03 13:21:49.153 DEBUG content 125352 _a-0000e18e-0476-8000-9ba2-011c48011c48_1715855 Completing produce.
2019-01-03 13:21:49.153 DEBUG content 125352 _a-0000e18e-0476-8000-9ba2-011c48011c48_1715855 Exporting binary resources.
2019-01-03 13:21:49.153 DEBUG content 125352 _a-0000e18e-0476-8000-9ba2-011c48011c48_1715855 Serializing object to XML.
2019-01-03 13:21:49.175 DEBUG content 125352 _a-0000e18e-0476-8000-9ba2-011c48011c48_1715855 Object transported.
2019-01-03 13:21:49.175 DEBUG content 125353 _a-0000e18e-0476-8000-9ba2-011c48011c48_1715860 Begin transport.
2019-01-03 13:21:49.175 DEBUG content 125353 _a-0000e18e-0476-8000-9ba2-011c48011c48_1715860 Retrieving object data.
2019-01-03 13:21:49.193 DEBUG content 125353 _a-0000e18e-0476-8000-9ba2-011c48011c48_1715860 Setting uuids of object references.
2019-01-03 13:21:49.193 DEBUG content 125353 _a-0000e18e-0476-8000-9ba2-011c48011c48_1715860 Processing reference: [Content:id=125353,versionId=-1,name=PDL_DSE_BANKS,type=32,subtype=0,uuid=_a-0000e18e-0476-8000-9ba2-011c48011c48_1715860,parent=125352]
2019-01-03 13:21:49.198 DEBUG content 125353 _a-0000e18e-0476-8000-9ba2-011c48011c48_1715860 Processing reference: Constant.forum
2019-01-03 13:21:49.2 DEBUG content 125353 _a-0000e18e-0476-8000-9ba2-011c48011c48_1715860 Processing reference: Constant.parent
2019-01-03 13:21:49.205 DEBUG content 125353 _a-0000e18e-0476-8000-9ba2-011c48011c48_1715860 Processing reference: com.appiancorp.suiteapi.content.ContentRoleMap@1127f281[
  ContentRole[name=readers,inherit=true,allowForAll=false]
  ContentRole[name=authors,inherit=true,allowForAll=false]
  ContentRole[name=administrators,inherit=true,allowForAll=false]
  ContentRole[name=denyReaders,inherit=false,allowForAll=false]
  ContentRole[name=denyAuthors,inherit=false,allowForAll=false]
  ContentRole[name=denyAdministrators,inherit=false,allowForAll=false]
  securityVector=15:SEC_PUBLIC=true,SEC_CREATOR_ADMIN=false,SEC_INH_ADMIN=true,SEC_INH_EDITOR=true,SEC_INH_VIEWER=true,SEC_ALL_ADMIN=false,SEC_ALL_EDITOR=false,SEC_ALL_VIEWER=false
]
2019-01-03 13:21:49.205 DEBUG content 125353 _a-0000e18e-0476-8000-9ba2-011c48011c48_1715860 Processing reference: ContentRole[name=readers,inherit=true,allowForAll=false]
2019-01-03 13:21:49.205 DEBUG content 125353 _a-0000e18e-0476-8000-9ba2-011c48011c48_1715860 Processing reference: ContentRole[name=authors,inherit=true,allowForAll=false]
2019-01-03 13:21:49.205 DEBUG content 125353 _a-0000e18e-0476-8000-9ba2-011c48011c48_1715860 Processing reference: ContentRole[name=administrators,inherit=true,allowForAll=false]
2019-01-03 13:21:49.205 DEBUG content 125353 _a-0000e18e-0476-8000-9ba2-011c48011c48_1715860 Processing reference: ContentRole[name=denyReaders,inherit=false,allowForAll=false]
2019-01-03 13:21:49.205 DEBUG content 125353 _a-0000e18e-0476-8000-9ba2-011c48011c48_1715860 Processing reference: ContentRole[name=denyAuthors,inherit=false,allowForAll=false]
2019-01-03 13:21:49.205 DEBUG content 125353 _a-0000e18e-0476-8000-9ba2-011c48011c48_1715860 Processing reference: ContentRole[name=denyAdministrators,inherit=false,allowForAll=false]
2019-01-03 13:21:49.206 DEBUG content 125353 _a-0000e18e-0476-8000-9ba2-011c48011c48_1715860 Completing produce.
2019-01-03 13:21:49.206 DEBUG content 125353 _a-0000e18e-0476-8000-9ba2-011c48011c48_1715860 Exporting binary resources.
2019-01-03 13:21:49.206 DEBUG content 125353 _a-0000e18e-0476-8000-9ba2-011c48011c48_1715860 Serializing object to XML.
2019-01-03 13:21:49.227 DEBUG content 125353 _a-0000e18e-0476-8000-9ba2-011c48011c48_1715860 Object transported.
2019-01-03 13:21:49.227 DEBUG content 125502 _a-0000e1a5-9b5f-8000-9ba2-011c48011c48_1717118 Begin transport.
2019-01-03 13:21:49.227 DEBUG content 125502 _a-0000e1a5-9b5f-8000-9ba2-011c48011c48_1717118 Retrieving object data.
2019-01-03 13:21:49.244 DEBUG content 125502 _a-0000e1a5-9b5f-8000-9ba2-011c48011c48_1717118 Setting uuids of object references.
2019-01-03 13:21:49.244 DEBUG content 125502 _a-0000e1a5-9b5f-8000-9ba2-011c48011c48_1717118 Processing reference: [Content:id=125502,versionId=-1,name=PDL_DSE_ACCOUNT_NUMBER,type=32,subtype=0,uuid=_a-0000e1a5-9b5f-8000-9ba2-011c48011c48_1717118,parent=125352]
2019-01-03 13:21:49.249 DEBUG content 125502 _a-0000e1a5-9b5f-8000-9ba2-011c48011c48_1717118 Processing reference: Constant.forum
2019-01-03 13:21:49.25 DEBUG content 125502 _a-0000e1a5-9b5f-8000-9ba2-011c48011c48_1717118 Processing reference: Constant.parent
2019-01-03 13:21:49.257 DEBUG content 125502 _a-0000e1a5-9b5f-8000-9ba2-011c48011c48_1717118 Processing reference: com.appiancorp.suiteapi.content.ContentRoleMap@6d032db6[
  ContentRole[name=readers,inherit=true,allowForAll=false]
  ContentRole[name=authors,inherit=true,allowForAll=false]
  ContentRole[name=administrators,inherit=true,allowForAll=false]
  ContentRole[name=denyReaders,inherit=false,allowForAll=false]
  ContentRole[name=denyAuthors,inherit=false,allowForAll=false]
  ContentRole[name=denyAdministrators,inherit=false,allowForAll=false]
  securityVector=15:SEC_PUBLIC=true,SEC_CREATOR_ADMIN=false,SEC_INH_ADMIN=true,SEC_INH_EDITOR=true,SEC_INH_VIEWER=true,SEC_ALL_ADMIN=false,SEC_ALL_EDITOR=false,SEC_ALL_VIEWER=false
]
2019-01-03 13:21:49.257 DEBUG content 125502 _a-0000e1a5-9b5f-8000-9ba2-011c48011c48_1717118 Processing reference: ContentRole[name=readers,inherit=true,allowForAll=false]
2019-01-03 13:21:49.257 DEBUG content 125502 _a-0000e1a5-9b5f-8000-9ba2-011c48011c48_1717118 Processing reference: ContentRole[name=authors,inherit=true,allowForAll=false]
2019-01-03 13:21:49.257 DEBUG content 125502 _a-0000e1a5-9b5f-8000-9ba2-011c48011c48_1717118 Processing reference: ContentRole[name=administrators,inherit=true,allowForAll=false]
2019-01-03 13:21:49.257 DEBUG content 125502 _a-0000e1a5-9b5f-8000-9ba2-011c48011c48_1717118 Processing reference: ContentRole[name=denyReaders,inherit=false,allowForAll=false]
2019-01-03 13:21:49.257 DEBUG content 125502 _a-0000e1a5-9b5f-8000-9ba2-011c48011c48_1717118 Processing reference: ContentRole[name=denyAuthors,inherit=false,allowForAll=false]
2019-01-03 13:21:49.257 DEBUG content 125502 _a-0000e1a5-9b5f-8000-9ba2-011c48011c48_1717118 Processing reference: ContentRole[name=denyAdministrators,inherit=false,allowForAll=false]
2019-01-03 13:21:49.258 DEBUG content 125502 _a-0000e1a5-9b5f-8000-9ba2-011c48011c48_1717118 Completing produce.
2019-01-03 13:21:49.258 DEBUG content 125502 _a-0000e1a5-9b5f-8000-9ba2-011c48011c48_1717118 Exporting binary resources.
2019-01-03 13:21:49.258 DEBUG content 125502 _a-0000e1a5-9b5f-8000-9ba2-011c48011c48_1717118 Serializing object to XML.
2019-01-03 13:21:49.284 DEBUG content 125502 _a-0000e1a5-9b5f-8000-9ba2-011c48011c48_1717118 Object transported.
2019-01-03 13:21:49.287 DEBUG processModelFolder 113 _g-0000e1b0-3c85-8000-f92f-7f0000014e7a_392 Begin transport.
2019-01-03 13:21:49.287 DEBUG processModelFolder 113 _g-0000e1b0-3c85-8000-f92f-7f0000014e7a_392 Retrieving object data.
2019-01-03 13:21:49.294 DEBUG processModelFolder 113 _g-0000e1b0-3c85-8000-f92f-7f0000014e7a_392 Setting uuids of object references.
2019-01-03 13:21:49.295 DEBUG processModelFolder 113 _g-0000e1b0-3c85-8000-f92f-7f0000014e7a_392 Processing reference: ProcessModelFolder.parentFolderId
2019-01-03 13:21:49.297 DEBUG processModelFolder 113 _g-0000e1b0-3c85-8000-f92f-7f0000014e7a_392 Processing reference: com.appiancorp.suiteapi.process.ProcessRoleMap@7d20b7ab[
  Role[name=ADMIN_OWNER]
  Role[name=EDITOR]
  Role[name=EXPLICIT_NONMEMBER]
  Role[name=VIEWER]
  Role[name=MANAGER]
  Role[name=INITIATOR]
]
2019-01-03 13:21:49.297 DEBUG processModelFolder 113 _g-0000e1b0-3c85-8000-f92f-7f0000014e7a_392 Processing reference: Role[name=ADMIN_OWNER]
2019-01-03 13:21:49.298 DEBUG processModelFolder 113 _g-0000e1b0-3c85-8000-f92f-7f0000014e7a_392 Processing reference: Role[name=EDITOR]
2019-01-03 13:21:49.298 DEBUG processModelFolder 113 _g-0000e1b0-3c85-8000-f92f-7f0000014e7a_392 Processing reference: Role[name=EXPLICIT_NONMEMBER]
2019-01-03 13:21:49.298 DEBUG processModelFolder 113 _g-0000e1b0-3c85-8000-f92f-7f0000014e7a_392 Processing reference: Role[name=VIEWER]
2019-01-03 13:21:49.298 DEBUG processModelFolder 113 _g-0000e1b0-3c85-8000-f92f-7f0000014e7a_392 Processing reference: Role[name=MANAGER]
2019-01-03 13:21:49.298 DEBUG processModelFolder 113 _g-0000e1b0-3c85-8000-f92f-7f0000014e7a_392 Processing reference: Role[name=INITIATOR]
2019-01-03 13:21:49.3 DEBUG processModelFolder 113 _g-0000e1b0-3c85-8000-f92f-7f0000014e7a_392 Completing produce.
2019-01-03 13:21:49.3 DEBUG processModelFolder 113 _g-0000e1b0-3c85-8000-f92f-7f0000014e7a_392 Exporting binary resources.
2019-01-03 13:21:49.3 DEBUG processModelFolder 113 _g-0000e1b0-3c85-8000-f92f-7f0000014e7a_392 Serializing object to XML.
2019-01-03 13:21:49.321 DEBUG processModelFolder 113 _g-0000e1b0-3c85-8000-f92f-7f0000014e7a_392 Object transported.
2019-01-03 13:21:49.324 DEBUG processModel 2340 0002e1b1-1160-8000-f92f-7f0000014e7a Begin transport.
2019-01-03 13:21:49.324 DEBUG processModel 2340 0002e1b1-1160-8000-f92f-7f0000014e7a Retrieving object data.
2019-01-03 13:21:49.388 DEBUG processModel 2340 0002e1b1-1160-8000-f92f-7f0000014e7a Setting uuids of object references.
2019-01-03 13:21:49.388 DEBUG processModel 2340 0002e1b1-1160-8000-f92f-7f0000014e7a Processing reference: ProcessModelHaul.folderId
2019-01-03 13:21:49.391 DEBUG processModel 2340 0002e1b1-1160-8000-f92f-7f0000014e7a Processing reference: ProcessModelHaul.modelDashboardPageId
2019-01-03 13:21:49.391 DEBUG processModel 2340 0002e1b1-1160-8000-f92f-7f0000014e7a Processing reference: ProcessModelHaul.processDashboardPageId
2019-01-03 13:21:49.391 DEBUG processModel 2340 0002e1b1-1160-8000-f92f-7f0000014e7a Processing reference: ProcessModel.emailAttachmentFolderId
2019-01-03 13:21:49.395 DEBUG processModel 2340 0002e1b1-1160-8000-f92f-7f0000014e7a Processing reference: InternalForm.docId
2019-01-03 13:21:49.396 DEBUG processModel 2340 0002e1b1-1160-8000-f92f-7f0000014e7a Processing reference: InternalForm.docId
2019-01-03 13:21:49.397 DEBUG processModel 2340 0002e1b1-1160-8000-f92f-7f0000014e7a Processing reference: InternalForm.docId
2019-01-03 13:21:49.397 DEBUG processModel 2340 0002e1b1-1160-8000-f92f-7f0000014e7a Processing reference: InternalForm.docId
2019-01-03 13:21:49.398 DEBUG processModel 2340 0002e1b1-1160-8000-f92f-7f0000014e7a Processing reference: InternalForm.docId
2019-01-03 13:21:49.4 DEBUG processModel 2340 0002e1b1-1160-8000-f92f-7f0000014e7a Processing reference: ActivityClassParameter[name=pmID,it=23,v=<null>]
2019-01-03 13:21:49.4 DEBUG processModel 2340 0002e1b1-1160-8000-f92f-7f0000014e7a Processing reference: ActivityClassParameter[name=inMap,it=111,v={}]
2019-01-03 13:21:49.401 DEBUG processModel 2340 0002e1b1-1160-8000-f92f-7f0000014e7a Processing reference: ActivityClassParameter[name=procInheritsPriority,it=1,v=1]
2019-01-03 13:21:49.401 DEBUG processModel 2340 0002e1b1-1160-8000-f92f-7f0000014e7a Processing reference: ActivityClassParameter[name=pmUUID,it=3,v=]
2019-01-03 13:21:49.401 DEBUG processModel 2340 0002e1b1-1160-8000-f92f-7f0000014e7a Processing reference: ActivityClassParameter[name=isAsynchronous,it=26,v=1]
2019-01-03 13:21:49.401 DEBUG processModel 2340 0002e1b1-1160-8000-f92f-7f0000014e7a Processing reference: ActivityClassParameter[name=isTransparent,it=26,v=1]
2019-01-03 13:21:49.401 DEBUG processModel 2340 0002e1b1-1160-8000-f92f-7f0000014e7a Processing reference: ActivityClassParameter[name=inheritSecurity,it=26,v=0]
2019-01-03 13:21:49.401 DEBUG processModel 2340 0002e1b1-1160-8000-f92f-7f0000014e7a Processing reference: InternalForm.docId
2019-01-03 13:21:49.402 DEBUG processModel 2340 0002e1b1-1160-8000-f92f-7f0000014e7a Processing reference: InternalForm.docId
2019-01-03 13:21:49.402 DEBUG processModel 2340 0002e1b1-1160-8000-f92f-7f0000014e7a Processing reference: InternalForm.docId
2019-01-03 13:21:49.403 DEBUG processModel 2340 0002e1b1-1160-8000-f92f-7f0000014e7a Processing reference: InternalForm.docId
2019-01-03 13:21:49.404 DEBUG processModel 2340 0002e1b1-1160-8000-f92f-7f0000014e7a Processing reference: InternalForm.docId
2019-01-03 13:21:49.405 DEBUG processModel 2340 0002e1b1-1160-8000-f92f-7f0000014e7a Processing reference: ActivityClassParameter[name=Instructions,it=3,v=]
2019-01-03 13:21:49.405 DEBUG processModel 2340 0002e1b1-1160-8000-f92f-7f0000014e7a Processing reference: ActivityClassParameter[name=pmID,it=23,v=2342]
2019-01-03 13:21:49.408 DEBUG processModel 2342 0002e1b1-1174-8000-f92f-7f0000014e7a Begin transport.
2019-01-03 13:21:49.408 DEBUG processModel 2342 0002e1b1-1174-8000-f92f-7f0000014e7a Retrieving object data.
2019-01-03 13:21:49.449 DEBUG processModel 2342 0002e1b1-1174-8000-f92f-7f0000014e7a Setting uuids of object references.
2019-01-03 13:21:49.449 DEBUG processModel 2342 0002e1b1-1174-8000-f92f-7f0000014e7a Processing reference: ProcessModelHaul.folderId
2019-01-03 13:21:49.451 DEBUG processModel 2342 0002e1b1-1174-8000-f92f-7f0000014e7a Processing reference: ProcessModelHaul.modelDashboardPageId
2019-01-03 13:21:49.451 DEBUG processModel 2342 0002e1b1-1174-8000-f92f-7f0000014e7a Processing reference: ProcessModelHaul.processDashboardPageId
2019-01-03 13:21:49.451 DEBUG processModel 2342 0002e1b1-1174-8000-f92f-7f0000014e7a Processing reference: ProcessModel.emailAttachmentFolderId
2019-01-03 13:21:49.452 DEBUG processModel 2342 0002e1b1-1174-8000-f92f-7f0000014e7a Processing reference: InternalForm.docId
2019-01-03 13:21:49.452 DEBUG processModel 2342 0002e1b1-1174-8000-f92f-7f0000014e7a Processing reference: InternalForm.docId
2019-01-03 13:21:49.453 DEBUG processModel 2342 0002e1b1-1174-8000-f92f-7f0000014e7a Processing reference: InternalForm.docId
2019-01-03 13:21:49.454 DEBUG processModel 2342 0002e1b1-1174-8000-f92f-7f0000014e7a Processing reference: InternalForm.docId
2019-01-03 13:21:49.454 DEBUG processModel 2342 0002e1b1-1174-8000-f92f-7f0000014e7a Processing reference: InternalForm.docId
2019-01-03 13:21:49.455 DEBUG processModel 2342 0002e1b1-1174-8000-f92f-7f0000014e7a Processing reference: ActivityClassParameter[name=pmID,it=23,v=<null>]
2019-01-03 13:21:49.456 DEBUG processModel 2342 0002e1b1-1174-8000-f92f-7f0000014e7a Processing reference: ActivityClassParameter[name=inMap,it=111,v={}]
2019-01-03 13:21:49.456 DEBUG processModel 2342 0002e1b1-1174-8000-f92f-7f0000014e7a Processing reference: ActivityClassParameter[name=procInheritsPriority,it=1,v=1]
2019-01-03 13:21:49.456 DEBUG processModel 2342 0002e1b1-1174-8000-f92f-7f0000014e7a Processing reference: ActivityClassParameter[name=pmUUID,it=3,v=]
2019-01-03 13:21:49.456 DEBUG processModel 2342 0002e1b1-1174-8000-f92f-7f0000014e7a Processing reference: ActivityClassParameter[name=isAsynchronous,it=26,v=1]
2019-01-03 13:21:49.456 DEBUG processModel 2342 0002e1b1-1174-8000-f92f-7f0000014e7a Processing reference: ActivityClassParameter[name=isTransparent,it=26,v=1]
2019-01-03 13:21:49.456 DEBUG processModel 2342 0002e1b1-1174-8000-f92f-7f0000014e7a Processing reference: ActivityClassParameter[name=inheritSecurity,it=26,v=0]
2019-01-03 13:21:49.457 DEBUG processModel 2342 0002e1b1-1174-8000-f92f-7f0000014e7a Processing reference: com.appiancorp.suiteapi.process.ProcessRoleMap@4b8cad6b[
  Role[name=ADMIN_OWNER]
  Role[name=EDITOR]
  Role[name=EXPLICIT_NONMEMBER]
  Role[name=VIEWER]
  Role[name=MANAGER]
  Role[name=INITIATOR]
]
2019-01-03 13:21:49.457 DEBUG processModel 2342 0002e1b1-1174-8000-f92f-7f0000014e7a Processing reference: Role[name=ADMIN_OWNER]
2019-01-03 13:21:49.457 DEBUG processModel 2342 0002e1b1-1174-8000-f92f-7f0000014e7a Processing reference: Role[name=EDITOR]
2019-01-03 13:21:49.457 DEBUG processModel 2342 0002e1b1-1174-8000-f92f-7f0000014e7a Processing reference: Role[name=EXPLICIT_NONMEMBER]
2019-01-03 13:21:49.457 DEBUG processModel 2342 0002e1b1-1174-8000-f92f-7f0000014e7a Processing reference: Role[name=VIEWER]
2019-01-03 13:21:49.457 DEBUG processModel 2342 0002e1b1-1174-8000-f92f-7f0000014e7a Processing reference: Role[name=MANAGER]
2019-01-03 13:21:49.457 DEBUG processModel 2342 0002e1b1-1174-8000-f92f-7f0000014e7a Processing reference: Role[name=INITIATOR]
2019-01-03 13:21:49.457 DEBUG processModel 2342 0002e1b1-1174-8000-f92f-7f0000014e7a Completing produce.
2019-01-03 13:21:49.457 DEBUG processModel 2342 0002e1b1-1174-8000-f92f-7f0000014e7a Exporting binary resources.
2019-01-03 13:21:49.457 DEBUG processModel 2342 0002e1b1-1174-8000-f92f-7f0000014e7a Serializing object to XML.
2019-01-03 13:21:49.492 DEBUG processModel 2342 0002e1b1-1174-8000-f92f-7f0000014e7a Object transported.
2019-01-03 13:21:49.492 DEBUG processModel 2340 0002e1b1-1160-8000-f92f-7f0000014e7a Processing reference: ActivityClassParameter[name=inMap,it=111,v={}]
2019-01-03 13:21:49.493 DEBUG processModel 2340 0002e1b1-1160-8000-f92f-7f0000014e7a Processing reference: ActivityClassParameter[name=outMap,it=111,v={}]
2019-01-03 13:21:49.493 DEBUG processModel 2340 0002e1b1-1160-8000-f92f-7f0000014e7a Processing reference: ActivityClassParameter[name=subProcessID,it=1,v=<null>]
2019-01-03 13:21:49.493 DEBUG processModel 2340 0002e1b1-1160-8000-f92f-7f0000014e7a Processing reference: ActivityClassParameter[name=procInheritsPriority,it=1,v=1]
2019-01-03 13:21:49.493 DEBUG processModel 2340 0002e1b1-1160-8000-f92f-7f0000014e7a Processing reference: ActivityClassParameter[name=pmUUID,it=3,v=0002e1b1-1174-8000-f92f-7f0000014e7a]
2019-01-03 13:21:49.493 DEBUG processModel 2340 0002e1b1-1160-8000-f92f-7f0000014e7a Processing reference: ActivityClassParameter[name=isAsynchronous,it=26,v=0]
2019-01-03 13:21:49.493 DEBUG processModel 2340 0002e1b1-1160-8000-f92f-7f0000014e7a Processing reference: ActivityClassParameter[name=isTransparent,it=26,v=1]
2019-01-03 13:21:49.493 DEBUG processModel 2340 0002e1b1-1160-8000-f92f-7f0000014e7a Processing reference: ActivityClassParameter[name=inheritSecurity,it=26,v=0]
2019-01-03 13:21:49.493 DEBUG processModel 2340 0002e1b1-1160-8000-f92f-7f0000014e7a Processing reference: ActivityClassParameter[name=chainsInto,it=26,v=0]
2019-01-03 13:21:49.493 DEBUG processModel 2340 0002e1b1-1160-8000-f92f-7f0000014e7a Processing reference: com.appiancorp.suiteapi.process.ProcessRoleMap@49fb0105[
  Role[name=ADMIN_OWNER]
  Role[name=EDITOR]
  Role[name=EXPLICIT_NONMEMBER]
  Role[name=VIEWER]
  Role[name=MANAGER]
  Role[name=INITIATOR]
]
2019-01-03 13:21:49.493 DEBUG processModel 2340 0002e1b1-1160-8000-f92f-7f0000014e7a Processing reference: Role[name=ADMIN_OWNER]
2019-01-03 13:21:49.493 DEBUG processModel 2340 0002e1b1-1160-8000-f92f-7f0000014e7a Processing reference: Role[name=EDITOR]
2019-01-03 13:21:49.493 DEBUG processModel 2340 0002e1b1-1160-8000-f92f-7f0000014e7a Processing reference: Role[name=EXPLICIT_NONMEMBER]
2019-01-03 13:21:49.493 DEBUG processModel 2340 0002e1b1-1160-8000-f92f-7f0000014e7a Processing reference: Role[name=VIEWER]
2019-01-03 13:21:49.494 DEBUG processModel 2340 0002e1b1-1160-8000-f92f-7f0000014e7a Processing reference: Role[name=MANAGER]
2019-01-03 13:21:49.494 DEBUG processModel 2340 0002e1b1-1160-8000-f92f-7f0000014e7a Processing reference: Role[name=INITIATOR]
2019-01-03 13:21:49.494 DEBUG processModel 2340 0002e1b1-1160-8000-f92f-7f0000014e7a Completing produce.
2019-01-03 13:21:49.494 DEBUG processModel 2340 0002e1b1-1160-8000-f92f-7f0000014e7a Exporting binary resources.
2019-01-03 13:21:49.494 DEBUG processModel 2340 0002e1b1-1160-8000-f92f-7f0000014e7a Serializing object to XML.
2019-01-03 13:21:49.516 DEBUG processModel 2340 0002e1b1-1160-8000-f92f-7f0000014e7a Object transported.
2019-01-03 13:21:49.519 DEBUG webApi 32 8cd2c11d-62b1-40dd-a052-36bb731a069b Begin transport.
2019-01-03 13:21:49.519 DEBUG webApi 32 8cd2c11d-62b1-40dd-a052-36bb731a069b Retrieving object data.
2019-01-03 13:21:49.553 DEBUG webApi 32 8cd2c11d-62b1-40dd-a052-36bb731a069b Setting uuids of object references.
2019-01-03 13:21:49.555 DEBUG webApi 32 8cd2c11d-62b1-40dd-a052-36bb731a069b Processing reference: WebApi.expression
2019-01-03 13:21:49.565 DEBUG webApi 32 8cd2c11d-62b1-40dd-a052-36bb731a069b Completing produce.
2019-01-03 13:21:49.565 DEBUG webApi 32 8cd2c11d-62b1-40dd-a052-36bb731a069b Exporting binary resources.
2019-01-03 13:21:49.565 DEBUG webApi 32 8cd2c11d-62b1-40dd-a052-36bb731a069b Serializing object to XML.
2019-01-03 13:21:49.582 DEBUG webApi 32 8cd2c11d-62b1-40dd-a052-36bb731a069b Object transported.
2019-01-03 13:21:49.582 DEBUG webApi 35 b862dcc7-1aef-4e6c-81b5-5539fe26fab6 Begin transport.
2019-01-03 13:21:49.582 DEBUG webApi 35 b862dcc7-1aef-4e6c-81b5-5539fe26fab6 Retrieving object data.
2019-01-03 13:21:49.612 DEBUG webApi 35 b862dcc7-1aef-4e6c-81b5-5539fe26fab6 Setting uuids of object references.
2019-01-03 13:21:49.612 DEBUG webApi 35 b862dcc7-1aef-4e6c-81b5-5539fe26fab6 Processing reference: WebApi.expression
2019-01-03 13:21:49.622 DEBUG webApi 35 b862dcc7-1aef-4e6c-81b5-5539fe26fab6 Completing produce.
2019-01-03 13:21:49.622 DEBUG webApi 35 b862dcc7-1aef-4e6c-81b5-5539fe26fab6 Exporting binary resources.
2019-01-03 13:21:49.622 DEBUG webApi 35 b862dcc7-1aef-4e6c-81b5-5539fe26fab6 Serializing object to XML.
2019-01-03 13:21:49.643 DEBUG webApi 35 b862dcc7-1aef-4e6c-81b5-5539fe26fab6 Object transported.
2019-01-03 13:21:49.643 DEBUG webApi 36 6d6f4ee9-948c-4dab-8c48-b1462cbacf44 Begin transport.
2019-01-03 13:21:49.643 DEBUG webApi 36 6d6f4ee9-948c-4dab-8c48-b1462cbacf44 Retrieving object data.
2019-01-03 13:21:49.674 DEBUG webApi 36 6d6f4ee9-948c-4dab-8c48-b1462cbacf44 Setting uuids of object references.
2019-01-03 13:21:49.674 DEBUG webApi 36 6d6f4ee9-948c-4dab-8c48-b1462cbacf44 Processing reference: WebApi.expression
2019-01-03 13:21:49.681 DEBUG webApi 36 6d6f4ee9-948c-4dab-8c48-b1462cbacf44 Completing produce.
2019-01-03 13:21:49.681 DEBUG webApi 36 6d6f4ee9-948c-4dab-8c48-b1462cbacf44 Exporting binary resources.
2019-01-03 13:21:49.681 DEBUG webApi 36 6d6f4ee9-948c-4dab-8c48-b1462cbacf44 Serializing object to XML.
2019-01-03 13:21:49.703 DEBUG webApi 36 6d6f4ee9-948c-4dab-8c48-b1462cbacf44 Object transported.
2019-01-03 13:21:49.703 DEBUG webApi 38 0e9c3597-8e73-4d5b-9d8c-3bf23f803da7 Begin transport.
2019-01-03 13:21:49.703 DEBUG webApi 38 0e9c3597-8e73-4d5b-9d8c-3bf23f803da7 Retrieving object data.
2019-01-03 13:21:49.728 DEBUG webApi 38 0e9c3597-8e73-4d5b-9d8c-3bf23f803da7 Setting uuids of object references.
2019-01-03 13:21:49.728 DEBUG webApi 38 0e9c3597-8e73-4d5b-9d8c-3bf23f803da7 Processing reference: WebApi.expression
2019-01-03 13:21:49.728 DEBUG webApi 38 0e9c3597-8e73-4d5b-9d8c-3bf23f803da7 Completing produce.
2019-01-03 13:21:49.728 DEBUG webApi 38 0e9c3597-8e73-4d5b-9d8c-3bf23f803da7 Exporting binary resources.
2019-01-03 13:21:49.728 DEBUG webApi 38 0e9c3597-8e73-4d5b-9d8c-3bf23f803da7 Serializing object to XML.
2019-01-03 13:21:49.747 DEBUG webApi 38 0e9c3597-8e73-4d5b-9d8c-3bf23f803da7 Object transported.
2019-01-03 13:21:49.747 DEBUG application 125340 _a-0000e18e-0476-8000-9ba2-011c48011c48_1715796 Completing produce.
2019-01-03 13:21:49.747 DEBUG application 125340 _a-0000e18e-0476-8000-9ba2-011c48011c48_1715796 Exporting binary resources.
2019-01-03 13:21:49.747 DEBUG application 125340 _a-0000e18e-0476-8000-9ba2-011c48011c48_1715796 Serializing object to XML.
2019-01-03 13:21:49.762 DEBUG application 125340 _a-0000e18e-0476-8000-9ba2-011c48011c48_1715796 Object transported.
