Success (2):
content 125400 _a-0000e19f-311e-8000-9ba2-011c48011c48_1716489 "AD_TestConstant"
content 125402 _a-0000e19f-311e-8000-9ba2-011c48011c48_1716495 "AD_TestExpressionRule"

Referenced precedents that were not exported (1):
content 125393 _a-0000dfb1-abbd-8000-9ba2-011c48011c48_22391

Trace:
2018-11-08 13:06:32.405 DEBUG content 125400 _a-0000e19f-311e-8000-9ba2-011c48011c48_1716489 Begin transport.
2018-11-08 13:06:32.405 DEBUG content 125400 _a-0000e19f-311e-8000-9ba2-011c48011c48_1716489 Retrieving object data.
2018-11-08 13:06:32.656 DEBUG content 125400 _a-0000e19f-311e-8000-9ba2-011c48011c48_1716489 Setting uuids of object references.
2018-11-08 13:06:32.662 DEBUG content 125400 _a-0000e19f-311e-8000-9ba2-011c48011c48_1716489 Processing reference: [Content:id=125400,versionId=-1,name=AD_TestConstant,type=32,subtype=0,uuid=_a-0000e19f-311e-8000-9ba2-011c48011c48_1716489,parent=125393]
2018-11-08 13:06:32.663 DEBUG content 125400 _a-0000e19f-311e-8000-9ba2-011c48011c48_1716489 Processing reference: Constant.forum
2018-11-08 13:06:32.663 DEBUG content 125400 _a-0000e19f-311e-8000-9ba2-011c48011c48_1716489 Processing reference: Constant.parent
2018-11-08 13:06:32.669 DEBUG content 125400 _a-0000e19f-311e-8000-9ba2-011c48011c48_1716489 Processing reference: com.appiancorp.suiteapi.content.ContentRoleMap@2db4a1a0[
  ContentRole[name=readers,inherit=true,allowForAll=false]
  ContentRole[name=authors,inherit=true,allowForAll=false]
  ContentRole[name=administrators,inherit=true,allowForAll=false]
  ContentRole[name=denyReaders,inherit=false,allowForAll=false]
  ContentRole[name=denyAuthors,inherit=false,allowForAll=false]
  ContentRole[name=denyAdministrators,inherit=false,allowForAll=false]
  securityVector=15:SEC_PUBLIC=true,SEC_CREATOR_ADMIN=false,SEC_INH_ADMIN=true,SEC_INH_EDITOR=true,SEC_INH_VIEWER=true,SEC_ALL_ADMIN=false,SEC_ALL_EDITOR=false,SEC_ALL_VIEWER=false
]
2018-11-08 13:06:32.669 DEBUG content 125400 _a-0000e19f-311e-8000-9ba2-011c48011c48_1716489 Processing reference: ContentRole[name=readers,inherit=true,allowForAll=false]
2018-11-08 13:06:32.669 DEBUG content 125400 _a-0000e19f-311e-8000-9ba2-011c48011c48_1716489 Processing reference: ContentRole[name=authors,inherit=true,allowForAll=false]
2018-11-08 13:06:32.669 DEBUG content 125400 _a-0000e19f-311e-8000-9ba2-011c48011c48_1716489 Processing reference: ContentRole[name=administrators,inherit=true,allowForAll=false]
2018-11-08 13:06:32.669 DEBUG content 125400 _a-0000e19f-311e-8000-9ba2-011c48011c48_1716489 Processing reference: ContentRole[name=denyReaders,inherit=false,allowForAll=false]
2018-11-08 13:06:32.669 DEBUG content 125400 _a-0000e19f-311e-8000-9ba2-011c48011c48_1716489 Processing reference: ContentRole[name=denyAuthors,inherit=false,allowForAll=false]
2018-11-08 13:06:32.669 DEBUG content 125400 _a-0000e19f-311e-8000-9ba2-011c48011c48_1716489 Processing reference: ContentRole[name=denyAdministrators,inherit=false,allowForAll=false]
2018-11-08 13:06:32.669 DEBUG content 125400 _a-0000e19f-311e-8000-9ba2-011c48011c48_1716489 Completing produce.
2018-11-08 13:06:32.669 DEBUG content 125400 _a-0000e19f-311e-8000-9ba2-011c48011c48_1716489 Exporting binary resources.
2018-11-08 13:06:32.669 DEBUG content 125400 _a-0000e19f-311e-8000-9ba2-011c48011c48_1716489 Serializing object to XML.
2018-11-08 13:06:32.696 DEBUG content 125400 _a-0000e19f-311e-8000-9ba2-011c48011c48_1716489 Object transported.
2018-11-08 13:06:32.696 DEBUG content 125402 _a-0000e19f-311e-8000-9ba2-011c48011c48_1716495 Begin transport.
2018-11-08 13:06:32.696 DEBUG content 125402 _a-0000e19f-311e-8000-9ba2-011c48011c48_1716495 Retrieving object data.
2018-11-08 13:06:32.714 DEBUG content 125402 _a-0000e19f-311e-8000-9ba2-011c48011c48_1716495 Setting uuids of object references.
2018-11-08 13:06:32.715 DEBUG content 125402 _a-0000e19f-311e-8000-9ba2-011c48011c48_1716495 Processing reference: [Content:id=125401,versionId=-1,name=AD_TestExpressionRule,type=32,subtype=1,uuid=_a-0000e19f-311e-8000-9ba2-011c48011c48_1716495,parent=125393]
2018-11-08 13:06:32.716 DEBUG content 125402 _a-0000e19f-311e-8000-9ba2-011c48011c48_1716495 Processing reference: FreeformRule.forum
2018-11-08 13:06:32.717 DEBUG content 125402 _a-0000e19f-311e-8000-9ba2-011c48011c48_1716495 Processing reference: FreeformRule.parent
2018-11-08 13:06:32.721 DEBUG content 125402 _a-0000e19f-311e-8000-9ba2-011c48011c48_1716495 Processing reference: com.appiancorp.suiteapi.content.ContentRoleMap@78769ee7[
  ContentRole[name=readers,inherit=true,allowForAll=false]
  ContentRole[name=authors,inherit=true,allowForAll=false]
  ContentRole[name=administrators,inherit=true,allowForAll=false]
  ContentRole[name=denyReaders,inherit=false,allowForAll=false]
  ContentRole[name=denyAuthors,inherit=false,allowForAll=false]
  ContentRole[name=denyAdministrators,inherit=false,allowForAll=false]
  securityVector=15:SEC_PUBLIC=true,SEC_CREATOR_ADMIN=false,SEC_INH_ADMIN=true,SEC_INH_EDITOR=true,SEC_INH_VIEWER=true,SEC_ALL_ADMIN=false,SEC_ALL_EDITOR=false,SEC_ALL_VIEWER=false
]
2018-11-08 13:06:32.722 DEBUG content 125402 _a-0000e19f-311e-8000-9ba2-011c48011c48_1716495 Processing reference: ContentRole[name=readers,inherit=true,allowForAll=false]
2018-11-08 13:06:32.722 DEBUG content 125402 _a-0000e19f-311e-8000-9ba2-011c48011c48_1716495 Processing reference: ContentRole[name=authors,inherit=true,allowForAll=false]
2018-11-08 13:06:32.722 DEBUG content 125402 _a-0000e19f-311e-8000-9ba2-011c48011c48_1716495 Processing reference: ContentRole[name=administrators,inherit=true,allowForAll=false]
2018-11-08 13:06:32.722 DEBUG content 125402 _a-0000e19f-311e-8000-9ba2-011c48011c48_1716495 Processing reference: ContentRole[name=denyReaders,inherit=false,allowForAll=false]
2018-11-08 13:06:32.722 DEBUG content 125402 _a-0000e19f-311e-8000-9ba2-011c48011c48_1716495 Processing reference: ContentRole[name=denyAuthors,inherit=false,allowForAll=false]
2018-11-08 13:06:32.722 DEBUG content 125402 _a-0000e19f-311e-8000-9ba2-011c48011c48_1716495 Processing reference: ContentRole[name=denyAdministrators,inherit=false,allowForAll=false]
2018-11-08 13:06:32.722 DEBUG content 125402 _a-0000e19f-311e-8000-9ba2-011c48011c48_1716495 Completing produce.
2018-11-08 13:06:32.722 DEBUG content 125402 _a-0000e19f-311e-8000-9ba2-011c48011c48_1716495 Exporting binary resources.
2018-11-08 13:06:32.722 DEBUG content 125402 _a-0000e19f-311e-8000-9ba2-011c48011c48_1716495 Serializing object to XML.
2018-11-08 13:06:32.742 DEBUG content 125402 _a-0000e19f-311e-8000-9ba2-011c48011c48_1716495 Object transported.
